********************************************************************************
DUPLICATOR-LITE PACKAGE-LOG: 26 February, 2020 7:17 pm
NOTICE: Do NOT post to public sites or forums 
********************************************************************************
VERSION:	1.3.28
WORDPRESS:	5.2.5
PHP INFO:	7.4.2 | SAPI: apache2handler
SERVER:		Apache/2.2.34 (Unix) mod_wsgi/3.5 Python/2.7.13 PHP/7.4.2 mod_ssl/2.2.34 OpenSSL/1.0.2o DAV/2 mod_fastcgi/mod_fastcgi-SNAP-0910052141 mod_perl/2.0.11 Perl/v5.24.0 
PHP TIME LIMIT: (0) no time limit imposed 
PHP MAX MEMORY: 4294967296 (128M default) 
MEMORY STACK: 8.5MB

********************************************************************************
DATABASE:
********************************************************************************
BUILD MODE:   PHP(query limit - 100)
MYSQLTIMEOUT: 5000
MYSQLDUMP:    Not Supported
TABLES: total:29 | filtered:0 | create:29
FILTERED: []
SQL CREATED: 20200226_abrsolver_70bda6f833c6a15f8328_20200226191649_database.sql
SQL FILE SIZE: 1.31MB (1375347)
SQL FILE TIME: 2020-02-26 19:17:34
SQL RUNTIME: 0.33 sec.

********************************************************************************
ARCHIVE (ZIP):
********************************************************************************
ARCHIVE DIR:  /Applications/MAMP/htdocs/abrsolver
ARCHIVE FILE: 20200226_abrsolver_70bda6f833c6a15f8328_20200226191649_archive.zip
FILTERS: *OFF*
DIRS:
	not set
FILES:
	not set
EXTS:  not set
----------------------------------------
COMPRESSING
SIZE:	128.54MB
STATS:	Dirs 1,093 | Files 5,623
SQL ADDED: 20200226_abrsolver_70bda6f833c6a15f8328_20200226191649_database.sql
ZipArchive Object
(
    [status] => 0
    [statusSys] => 0
    [numFiles] => 6716
    [filename] => /Applications/MAMP/htdocs/abrsolver/wp-snapshots/tmp/20200226_abrsolver_70bda6f833c6a15f8328_20200226191649_archive.zip
    [comment] => 
)

FILE ADDED TO ZIP: 6715
COMPRESSION RESULT: '1'
COMPRESSED SIZE: 47.63MB
ARCHIVE RUNTIME: 19.58 sec.
MEMORY STACK: 10.5MB
building installer
add_extra_files1
add_extra_files2
add_extra_files3
add_extra_files4
Doing archive file check
add_extra_files5
add_extra_files6
add_extra_files8
Successfully opened zip /Applications/MAMP/htdocs/abrsolver/wp-snapshots/tmp/20200226_abrsolver_70bda6f833c6a15f8328_20200226191649_archive.zip
Adding enhanced installer files to archive using ZipArchive
Installer files added to archive
Added to archive
After ziparchive close when adding installer

********************************************************************************
INTEGRITY CHECKS:
********************************************************************************
SQL FILE: 1.31MB
INSTALLER FILE: 60.53KB
ARCHIVE FILE: 48.97MB 
RECUENTO ARCHIVOS/DIRECTORIOS ESPERADOS: 6,716
RECUENTO ARCHIVOS/DIRECTORIOS ACTUALES: 6,715
PRUEBA DE CONSISTENCIA DEL ARCHIVO: Superado

********************************************************************************
RECORD ID:[1]
TOTAL PROCESS RUNTIME: 23.21 sec.
PEAK PHP MEMORY USED: 12.5MB
DONE PROCESSING => 20200226_abrsolver 26 February, 2020 7:17 pm

